---
  0 debug pnpm:scope: 
    selected: 1
    workspacePrefix: null
  1 info pnpm: 
    message: "A store server is running. All store manipulations are delegated to it."
    prefix: "/app"
  2 debug pnpm:package-json: 
    initial: 
      //1: "describes your app and its dependencies"
      //2: "https://docs.npmjs.com/files/package.json"
      //3: "updating this file will download and update your packages"
      name: "hello-express"
      version: "0.0.1"
      description: "A simple Node app built on Express, instantly up and running."
      main: "server.js"
      scripts: 
        start: "node server.js"
      dependencies: 
        ascii-table: "^0.0.9"
        chalk: "^4.1.0"
        db-system: "^0.0.34"
        discord.js: "^12.5.1"
        eris: "^0.14.0"
        eris-additions: "^1.4.1"
        express: "^4.17.1"
        fs: "^0.0.2"
        hastebin-gen: "^2.0.5"
        jimp: "^0.16.1"
        moment: "^2.29.1"
        moment-duration-format: "^2.3.2"
        ms: "^2.1.3"
        node-fetch: "^2.6.1"
        os: "^0.1.1"
        pouchdb-system-db: "^4.2.0"
        quick.db: "^7.1.2"
        speed-test: "^2.1.0"
        speedtest-net: "^2.1.0"
        common-tags: "^1.8.0"
        util: "^0.12.3"
        snekfetch: "^4.0.4"
        dblapi.js: "^2.4.1"
        parse-ms: "^2.1.0"
        top.gg: "^2.3.2"
        dbl.js: "^1.5.0"
      engines: 
        node: "12.x"
      repository: 
        url: "https://glitch.com/edit/#!/hello-express"
      license: "MIT"
      keywords: 
        - "node"
        - "glitch"
        - "express"
      readme: "# deneme"
      readmeFilename: "README.md"
      gitHead: "87c2dfafce39b4a3b4ac9836205dfbc042ccd735"
      _id: "hello-express@0.0.1"
    prefix: "/app"
  3 warn pnpm: 
    message: "Moving ascii-table that was installed by a different package manager to \"node_modules/.ignored"
    prefix: "/app"
  4 error pnpm: 
    message: 
      errno: -39
      code: "ENOTEMPTY"
      syscall: "rename"
      path: "/rbd/pnpm-volume/a9e8a3d4-3bbc-4cd0-b4a6-79d1a335deef/node_modules/ascii-table"
      dest: "/rbd/pnpm-volume/a9e8a3d4-3bbc-4cd0-b4a6-79d1a335deef/node_modules/.ignored/ascii-table"
    err: 
      name: "Error"
      message: "ENOTEMPTY: directory not empty, rename '/rbd/pnpm-volume/a9e8a3d4-3bbc-4cd0-b4a6-79d1a335deef/node_modules/ascii-table' -> '/rbd/pnpm-volume/a9e8a3d4-3bbc-4cd0-b4a6-79d1a335deef/node_modules/.ignored/ascii-table'"
      code: "ENOTEMPTY"
      stack: "Error: ENOTEMPTY: directory not empty, rename '/rbd/pnpm-volume/a9e8a3d4-3bbc-4cd0-b4a6-79d1a335deef/node_modules/ascii-table' -> '/rbd/pnpm-volume/a9e8a3d4-3bbc-4cd0-b4a6-79d1a335deef/node_modules/.ignored/ascii-table'"
